[LOG] System::create                           : Header version = 2.02.17. Current version = 2.02.17.
[LOG] Manager::init                            : maxchannels = 256 studioflags = 00000006 flags 00000000 extradriverdata 0000000000000000.
[LOG] SystemI::init                            : Initialize version=20217 (136061), maxchannels=256, flags=0x00020000
[LOG] SystemI::setOutputInternal               : Setting output to 'FMOD WASAPI Output'
[LOG] OutputWASAPI::init                       : Mix Format (WAVEFORMATEX): wFormatTag=0xFFFE, nChannels=2, nSamplesPerSec=44100, nAvgBytesPerSec=352800, nBlockAlign=8, wBitsPerSample=32, cbSize=22.
[LOG] OutputWASAPI::init                       : Mix Format (WAVEFORMATEXTENSIBLE): wValidBitsPerSample=32, dwChannelMask=0x00000003, SubFormat=00000003-0000-0010-8000-00AA00389B71.
[LOG] OutputWASAPI::init                       : Output buffer size: 3760 samples, latency: 0.00ms, period: 10.16ms, DSP buffer: 1024 * 4
[LOG] SystemI::init                            : Output requires a sample rate of 44100Hz, resampling will occur.
[LOG] Thread::initThread                       : Init FMOD stream thread. Affinity: 0x4000000000000003, Priority: 0xFFFF7FFB, Stack Size: 98304, Semaphore: No, Sleep Time: 10, Looping: Yes.
[LOG] Thread::initThread                       : Init FMOD mixer thread. Affinity: 0x4000000000000001, Priority: 0xFFFF7FFA, Stack Size: 81920, Semaphore: No, Sleep Time: 0, Looping: Yes.
[LOG] AsyncManager::init                       : manager 000001D146593408 isAsync 0 updatePeriod 0.02
[LOG] AsyncManager::init                       : done
[LOG] PlaybackSystem::init                     : 
[LOG] Thread::initThread                       : Init FMOD Studio sample load thread. Affinity: 0x4000000000000003, Priority: 0xFFFF7FFD, Stack Size: 98304, Semaphore: No, Sleep Time: 1, Looping: No.
[LOG] PlaybackSystem::init                     : done
[LOG] Thread::initThread                       : Init FMOD Studio bank load thread. Affinity: 0x4000000000000003, Priority: 0xFFFF7FFD, Stack Size: 98304, Semaphore: No, Sleep Time: 1, Looping: No.
[LOG] Manager::init                            : done.
[LOG] Manager::readBank                        : fileversion = 142, compatVersion = 140 (oldest = 44, newest = 142)
[LOG] Manager::readBank                        : fileversion = 142, compatVersion = 140 (oldest = 44, newest = 142)
[LOG] Manager::readBank                        : fileversion = 142, compatVersion = 140 (oldest = 44, newest = 142)
[LOG] Manager::readBank                        : fileversion = 142, compatVersion = 140 (oldest = 44, newest = 142)
[LOG] PlaybackSystem::acquireMasterBus         : Setting master channel group format to 6
[LOG] Manager::readBank                        : fileversion = 142, compatVersion = 140 (oldest = 44, newest = 142)
[LOG] Manager::readBank                        : fileversion = 142, compatVersion = 140 (oldest = 44, newest = 142)
[LOG] Manager::readBank                        : fileversion = 142, compatVersion = 140 (oldest = 44, newest = 142)
[LOG] Manager::readBank                        : fileversion = 142, compatVersion = 140 (oldest = 44, newest = 142)
[LOG] SystemI::createSound                     : filename = Assets/Sound/FMOD/FMOD Project/Build/Desktop/Master.bank : mode 02010082
[LOG] SystemI::createSound                     : FMOD_NONBLOCKING specified.  Putting into queue to be opened asynchronously!
[LOG] AsyncThread::add                         : add sound to async queue : soundi = 000001D1CCC09D58, queue head = 000001D0BD1B4668, queue count = 0
[LOG] AsyncThread::threadFunc                  : Starting Asynchronous operation on sound 000001D1CCC09D58
[LOG] SystemI::createSoundInternal             :     Create name='Assets/Sound/FMOD/FMOD Project/Build/Desktop/Master.bank', mode=0x02010082
[LOG] SystemI::createSoundInternal             :     exinfo->cbsize             = 224
[LOG] SystemI::createSoundInternal             :     exinfo->length             = 2208480
[LOG] SystemI::createSoundInternal             :     exinfo->fileoffset         = 34560
[LOG] SystemI::createSoundInternal             :     exinfo->numsubsounds       = 1
[LOG] SystemI::createSoundInternal             :     exinfo->inclusionlist      = 000001D08723A1A0
[LOG] SystemI::createSoundInternal             :     exinfo->inclusionlistnum   = 1
[LOG] SystemI::createSoundInternal             :     exinfo->suggestedsoundtype = 5
[LOG] SystemI::createSoundInternal             :     exinfo->initialseekposition = 38
[LOG] SystemI::createSoundInternal             :     exinfo->initialseekpostype = 1
[LOG] SystemI::createSoundInternal             :     Stream 0/1: name='water_1', format=5, channels=2, frequency=48000, lengthbytes=172288, lengthpcm=713786, pcmblocksize=0, loopstart=0, loopend=0, mode=0x00000000, channelmask=0x00000000, channelorder=0, peakvolume=0.244720.
[LOG] AsyncThread::threadFunc                  : Finished Asynchronous operation on sound 000001D1CCC09D58
[LOG] SoundI::release                          : water_1 (000001D1CCC09D58)
[LOG] SoundI::release                          :     water_1 (000001D0614C4D98)
[LOG] SoundI::release                          :     water_1 (000001D1CCC09BA8)
[LOG] SystemI::createSound                     : filename = Assets/Sound/FMOD/FMOD Project/Build/Desktop/Master.bank : mode 02010082
[LOG] SystemI::createSound                     : FMOD_NONBLOCKING specified.  Putting into queue to be opened asynchronously!
[LOG] AsyncThread::add                         : add sound to async queue : soundi = 000001D1CCC06908, queue head = 000001D0BD1B4668, queue count = 0
[LOG] AsyncThread::threadFunc                  : Starting Asynchronous operation on sound 000001D1CCC06908
[LOG] SystemI::createSoundInternal             :     Create name='Assets/Sound/FMOD/FMOD Project/Build/Desktop/Master.bank', mode=0x02010082
[LOG] SystemI::createSoundInternal             :     exinfo->cbsize             = 224
[LOG] SystemI::createSoundInternal             :     exinfo->length             = 2208480
[LOG] SystemI::createSoundInternal             :     exinfo->fileoffset         = 34560
[LOG] SystemI::createSoundInternal             :     exinfo->numsubsounds       = 1
[LOG] SystemI::createSoundInternal             :     exinfo->inclusionlist      = 000001D17AAA5730
[LOG] SystemI::createSoundInternal             :     exinfo->inclusionlistnum   = 1
[LOG] SystemI::createSoundInternal             :     exinfo->suggestedsoundtype = 5
[LOG] SystemI::createSoundInternal             :     exinfo->initialseekpostype = 1
[LOG] SystemI::createSoundInternal             :     Stream 0/1: name='fire_1', format=5, channels=2, frequency=48000, lengthbytes=216640, lengthpcm=698999, pcmblocksize=0, loopstart=0, loopend=0, mode=0x00000000, channelmask=0x00000000, channelorder=0, peakvolume=0.104401.
[LOG] AsyncThread::threadFunc                  : Finished Asynchronous operation on sound 000001D1CCC06908
[LOG] SoundI::release                          : fire_2 (000001CE4DF41B28)
[LOG] SoundI::release                          :     fire_2 (000001D0614C24F8)
[LOG] SoundI::release                          :     fire_2 (000001CE4DF42548)
[LOG] SystemI::createSound                     : filename = Assets/Sound/FMOD/FMOD Project/Build/Desktop/Master.bank : mode 02010082
[LOG] SystemI::createSound                     : FMOD_NONBLOCKING specified.  Putting into queue to be opened asynchronously!
[LOG] AsyncThread::add                         : add sound to async queue : soundi = 000001D1CCBFC048, queue head = 000001D0BD1B4668, queue count = 0
[LOG] AsyncThread::threadFunc                  : Starting Asynchronous operation on sound 000001D1CCBFC048
[LOG] SystemI::createSoundInternal             :     Create name='Assets/Sound/FMOD/FMOD Project/Build/Desktop/Master.bank', mode=0x02010082
[LOG] SystemI::createSoundInternal             :     exinfo->cbsize             = 224
[LOG] SystemI::createSoundInternal             :     exinfo->length             = 2208480
[LOG] SystemI::createSoundInternal             :     exinfo->fileoffset         = 34560
[LOG] SystemI::createSoundInternal             :     exinfo->numsubsounds       = 1
[LOG] SystemI::createSoundInternal             :     exinfo->inclusionlist      = 000001D17AF48BC0
[LOG] SystemI::createSoundInternal             :     exinfo->inclusionlistnum   = 1
[LOG] SystemI::createSoundInternal             :     exinfo->suggestedsoundtype = 5
[LOG] SystemI::createSoundInternal             :     exinfo->initialseekpostype = 1
[LOG] SystemI::createSoundInternal             :     Stream 0/1: name='fire_2', format=5, channels=2, frequency=48000, lengthbytes=185472, lengthpcm=635356, pcmblocksize=0, loopstart=0, loopend=0, mode=0x00000000, channelmask=0x00000000, channelorder=0, peakvolume=0.056915.
[LOG] AsyncThread::threadFunc                  : Finished Asynchronous operation on sound 000001D1CCBFC048
[LOG] AsyncThread::add                         : add sound to async queue : soundi = 000001D1CCBFC1F8, queue head = 000001D0BD1B4668, queue count = 0
[LOG] AsyncThread::threadFunc                  : Starting Asynchronous operation on sound 000001D1CCBFC1F8
[LOG] AsyncThread::threadFunc                  : Finished Asynchronous operation on sound 000001D1CCBFC1F8
[LOG] SoundI::release                          : fire_1 (000001D1CCC06908)
[LOG] SoundI::release                          :     fire_1 (000001D0614C4BF8)
[LOG] SoundI::release                          :     fire_1 (000001D1CCC06E18)
[LOG] SystemI::createSound                     : filename = Assets/Sound/FMOD/FMOD Project/Build/Desktop/Master.bank : mode 02010082
[LOG] SystemI::createSound                     : FMOD_NONBLOCKING specified.  Putting into queue to be opened asynchronously!
[LOG] AsyncThread::add                         : add sound to async queue : soundi = 000001D1CCC094E8, queue head = 000001D0BD1B4668, queue count = 0
[LOG] AsyncThread::threadFunc                  : Starting Asynchronous operation on sound 000001D1CCC094E8
[LOG] SystemI::createSoundInternal             :     Create name='Assets/Sound/FMOD/FMOD Project/Build/Desktop/Master.bank', mode=0x02010082
[LOG] SystemI::createSoundInternal             :     exinfo->cbsize             = 224
[LOG] SystemI::createSoundInternal             :     exinfo->length             = 2208480
[LOG] SystemI::createSoundInternal             :     exinfo->fileoffset         = 34560
[LOG] SystemI::createSoundInternal             :     exinfo->numsubsounds       = 1
[LOG] SystemI::createSoundInternal             :     exinfo->inclusionlist      = 000001D0610D37C0
[LOG] SystemI::createSoundInternal             :     exinfo->inclusionlistnum   = 1
[LOG] SystemI::createSoundInternal             :     exinfo->suggestedsoundtype = 5
[LOG] SystemI::createSoundInternal             :     exinfo->initialseekpostype = 1
[LOG] SystemI::createSoundInternal             :     Stream 0/1: name='fire_1', format=5, channels=2, frequency=48000, lengthbytes=216640, lengthpcm=698999, pcmblocksize=0, loopstart=0, loopend=0, mode=0x00000000, channelmask=0x00000000, channelorder=0, peakvolume=0.104401.
[LOG] AsyncThread::threadFunc                  : Finished Asynchronous operation on sound 000001D1CCC094E8
[LOG] SoundI::release                          : fire_2 (000001D1CCBFC048)
[LOG] SoundI::release                          :     fire_2 (000001D0614C1B38)
[LOG] SoundI::release                          :     fire_2 (000001D1CCBFC1F8)
[LOG] SystemI::createSound                     : filename = Assets/Sound/FMOD/FMOD Project/Build/Desktop/Master.bank : mode 02010082
[LOG] SystemI::createSound                     : FMOD_NONBLOCKING specified.  Putting into queue to be opened asynchronously!
[LOG] AsyncThread::add                         : add sound to async queue : soundi = 000001D1CCC06908, queue head = 000001D0BD1B4668, queue count = 0
[LOG] AsyncThread::threadFunc                  : Starting Asynchronous operation on sound 000001D1CCC06908
[LOG] SystemI::createSoundInternal             :     Create name='Assets/Sound/FMOD/FMOD Project/Build/Desktop/Master.bank', mode=0x02010082
[LOG] SystemI::createSoundInternal             :     exinfo->cbsize             = 224
[LOG] SystemI::createSoundInternal             :     exinfo->length             = 2208480
[LOG] SystemI::createSoundInternal             :     exinfo->fileoffset         = 34560
[LOG] SystemI::createSoundInternal             :     exinfo->numsubsounds       = 1
[LOG] SystemI::createSoundInternal             :     exinfo->inclusionlist      = 000001D0610D1C40
[LOG] SystemI::createSoundInternal             :     exinfo->inclusionlistnum   = 1
[LOG] SystemI::createSoundInternal             :     exinfo->suggestedsoundtype = 5
[LOG] SystemI::createSoundInternal             :     exinfo->initialseekposition = 38
[LOG] SystemI::createSoundInternal             :     exinfo->initialseekpostype = 1
[LOG] SystemI::createSoundInternal             :     Stream 0/1: name='water_1', format=5, channels=2, frequency=48000, lengthbytes=172288, lengthpcm=713786, pcmblocksize=0, loopstart=0, loopend=0, mode=0x00000000, channelmask=0x00000000, channelorder=0, peakvolume=0.244720.
[LOG] AsyncThread::threadFunc                  : Finished Asynchronous operation on sound 000001D1CCC06908
[LOG] SoundI::release                          : water_1 (000001D1CCC06908)
[LOG] SoundI::release                          :     water_1 (000001D0614C3BB8)
[LOG] SoundI::release                          :     water_1 (000001D1CCC09D58)
[LOG] SystemI::createSound                     : filename = Assets/Sound/FMOD/FMOD Project/Build/Desktop/Master.bank : mode 02010082
[LOG] SystemI::createSound                     : FMOD_NONBLOCKING specified.  Putting into queue to be opened asynchronously!
[LOG] AsyncThread::add                         : add sound to async queue : soundi = 000001D1CCC09D58, queue head = 000001D0BD1B4668, queue count = 0
[LOG] AsyncThread::threadFunc                  : Starting Asynchronous operation on sound 000001D1CCC09D58
[LOG] SystemI::createSoundInternal             :     Create name='Assets/Sound/FMOD/FMOD Project/Build/Desktop/Master.bank', mode=0x02010082
[LOG] SystemI::createSoundInternal             :     exinfo->cbsize             = 224
[LOG] SystemI::createSoundInternal             :     exinfo->length             = 2208480
[LOG] SystemI::createSoundInternal             :     exinfo->fileoffset         = 34560
[LOG] SystemI::createSoundInternal             :     exinfo->numsubsounds       = 1
[LOG] SystemI::createSoundInternal             :     exinfo->inclusionlist      = 000001CE4E09D0A0
[LOG] SystemI::createSoundInternal             :     exinfo->inclusionlistnum   = 1
[LOG] SystemI::createSoundInternal             :     exinfo->suggestedsoundtype = 5
[LOG] SystemI::createSoundInternal             :     exinfo->initialseekpostype = 1
[LOG] SystemI::createSoundInternal             :     Stream 0/1: name='fire_2', format=5, channels=2, frequency=48000, lengthbytes=185472, lengthpcm=635356, pcmblocksize=0, loopstart=0, loopend=0, mode=0x00000000, channelmask=0x00000000, channelorder=0, peakvolume=0.056915.
[LOG] AsyncThread::threadFunc                  : Finished Asynchronous operation on sound 000001D1CCC09D58
[LOG] AsyncThread::add                         : add sound to async queue : soundi = 000001D1CCC06908, queue head = 000001D0BD1B4668, queue count = 0
[LOG] AsyncThread::threadFunc                  : Starting Asynchronous operation on sound 000001D1CCC06908
[LOG] AsyncThread::threadFunc                  : Finished Asynchronous operation on sound 000001D1CCC06908
[LOG] SoundI::release                          : fire_1 (000001D1CCC094E8)
[LOG] SoundI::release                          :     fire_1 (000001D0614C3EF8)
[LOG] SoundI::release                          :     fire_1 (000001D1CCC09BA8)
[LOG] SystemI::createSoundInternal             : Create name='', mode=0x02000202
[LOG] SystemI::createSoundInternal             : exinfo->cbsize             = 224
[LOG] SystemI::createSoundInternal             : exinfo->length             = 2208480
[LOG] SystemI::createSoundInternal             : exinfo->fileoffset         = 34560
[LOG] SystemI::createSoundInternal             : exinfo->numsubsounds       = 1
[LOG] SystemI::createSoundInternal             : exinfo->inclusionlist      = 0000002792F3F458
[LOG] SystemI::createSoundInternal             : exinfo->inclusionlistnum   = 1
[LOG] SystemI::createSoundInternal             : exinfo->suggestedsoundtype = 5
[LOG] SystemI::createSoundInternal             : exinfo->useropen           = 00007FFC51EE3E90
[LOG] SystemI::createSoundInternal             : exinfo->userclose          = 00007FFC51EE3E50
[LOG] SystemI::createSoundInternal             : exinfo->userread           = 00007FFC51EE3F70
[LOG] SystemI::createSoundInternal             : exinfo->userseek           = 00007FFC51EE4030
[LOG] SystemI::createSoundInternal             : exinfo->fileuserdata       = 000001D0BBA1F7A8
[LOG] SystemI::createSoundInternal             : exinfo->initialseekpostype = 1
[LOG] SystemI::DSPCodecPoolRegister            : register codec pool for pool type 5
[LOG] SystemI::createSoundInternal             : Sample 0/1: name='fire_off', format=5, channels=2, frequency=48000, lengthbytes=27488, lengthpcm=114642, pcmblocksize=0, loopstart=0, loopend=0, mode=0x00000000, channelmask=0x00000000, channelorder=0, peakvolume=0.324890.
[LOG] SoundI::release                          : fire_2 (000001D1CCC09D58)
[LOG] SoundI::release                          :     fire_2 (000001D0614C4718)
[LOG] SoundI::release                          :     fire_2 (000001D1CCC06908)
[LOG] SoundI::release                          : jazz_fin_1 (000001CE4DF42398)
[LOG] SoundI::release                          :     jazz_fin_1 (000001D0614C2698)
[LOG] SoundI::release                          :     jazz_fin_1 (000001CE4DF463B8)
[LOG] SoundI::release                          :  (000001D1CC4E0AA8)
[LOG] SoundI::release                          :     fire_off (000001D0614C2838)
[LOG] Thread::callback                         : FMOD Studio update thread finished.
[LOG] Thread::callback                         : FMOD Studio bank load thread finished.
[LOG] Profile::disconnectAll                   : Profiler disconnecting all clients
[LOG] Thread::callback                         : FMOD Studio sample load thread finished.
[LOG] LiveUpdate::release                      : 
[LOG] LiveUpdate::reset                        : Reset connection (reason Disconnected)
[LOG] Thread::callback                         : FMOD stream thread finished.
[LOG] Thread::callback                         : FMOD mixer thread finished.
[LOG] Profile::disconnectAll                   : Profiler disconnecting all clients
[LOG] SystemI::close                           : Closed.
[LOG] Thread::callback                         : FMOD Studio bank load thread finished.
[LOG] Thread::callback                         : FMOD Studio sample load thread finished.
[LOG] LiveUpdate::release                      : 
[LOG] LiveUpdate::reset                        : Reset connection (reason Disconnected)
[LOG] Thread::callback                         : FMOD stream thread finished.
[LOG] Thread::callback                         : FMOD mixer thread finished.
[LOG] SystemI::close                           : Closed.
[LOG] Thread::callback                         : FMOD nonblocking thread (0) finished.
[LOG] Thread::callback                         : FMOD file thread finished.
